CONFIG_OPT: 1 33 10 0 0 5574533
BEAM_1: 1 1 4260.000000000000000
BEAM_2: 82 208 1460.000000000000000
EVENT: 1 4 1
VERTEX: 0.000000000000000 0.000000000000000 0.000000000000000 0.000000000000000 1 0 0 4
GAMMA: 24006.615234375000000 45.536022186279297
GAMMA: 12209.398437500000000 -23.158960342407227
t: 0.000055841034854
SOURCE: BEAM1: 0.005338790862042 0.005131395448700 3984.777147699293891 3984.777258170873665
SOURCE: BEAM2: 0.000063782800528 0.000031281441658 -284934.339739462709986 284934.406575298693497
TRACK:  9 0.167381833919724 -0.315314286348181 -1.131590340853115 1 0 0 -211
TRACK:  8 -0.170083120751009 0.312732947903002 -0.899065556428785 1 1 0 211
TRACK:  9 0.298693556672507 0.172139661312131 -1.273229962380618 1 2 0 -211
TRACK:  8 -0.301394843503792 -0.174720999757310 -0.757425934901282 1 3 0 211
EVENT: 2 4 1
VERTEX: 0.000000000000000 0.000000000000000 0.000000000000000 0.000000000000000 1 0 0 4
GAMMA: 3276.283691406250000 -0.000000169247755
GAMMA: 4502.174804687500000 -0.000000762310037
t: 0.000000262123572
SOURCE: BEAM1: 0.000085457414780 0.000299676479251 3995.916790709483848 3995.916900866246124
SOURCE: BEAM2: -0.000454660967656 -0.000654376787019 -284933.859669093973935 284933.926505042822100
TRACK:  9 0.118626990732368 -0.323615040793742 0.041688673657868 2 0 0 -211
TRACK:  8 -0.118442388955930 0.323792390947626 0.255106735854419 2 1 0 211
TRACK:  8 -0.339773076687744 -0.112511453841934 0.173670366637910 2 2 0 211
TRACK:  9 0.339957678464182 0.112688803995818 0.123125042874377 2 3 0 -211
EVENT: 3 4 1
VERTEX: 0.000000000000000 0.000000000000000 0.000000000000000 0.000000000000000 1 0 0 4
GAMMA: 5270.355468750000000 1.272098898887634
GAMMA: 3727.651611328125000 -0.942068934440613
t: 0.059351517723578
SOURCE: BEAM1: -0.055809821174645 -0.238128159549094 3994.695583273662123 3994.695700951486742
SOURCE: BEAM2: 0.000930421598058 0.000768160337578 -284934.135064209578559 284934.201900093758013
TRACK:  9 0.350905051247553 0.035724026048207 -0.137524468571406 3 0 0 -211
TRACK:  8 -0.323465351459260 0.082955973557551 0.104731500326518 3 1 0 211
TRACK:  9 -0.154670642627132 -0.235004659499357 0.113621205967899 3 2 0 -211
TRACK:  8 0.182110342415426 0.353684659105115 -0.146414174212787 3 3 0 211
EVENT: 4 4 1
VERTEX: 0.000000000000000 0.000000000000000 0.000000000000000 0.000000000000000 1 0 0 4
GAMMA: 3692.507324218750000 -0.868968069553375
GAMMA: 5154.099609375000000 1.208961248397827
t: 0.004261585307990
SOURCE: BEAM1: 0.008165421152182 0.000365906550173 3996.275468579505286 3996.275578734728242
SOURCE: BEAM2: 0.016966578552236 0.059883308372908 -284933.611372368992306 284933.678208382683806
TRACK:  9 0.068937396808543 0.303730048829993 0.242301340459586 4 0 0 -211
TRACK:  8 -0.081503396660752 -0.333854656291533 0.760953754703034 4 1 0 211
TRACK:  9 0.114197350524898 0.308410059891007 0.320037305456414 4 2 0 -211
TRACK:  8 -0.126763350377107 -0.338534667352548 0.683217789706206 4 3 0 211
EVENT: 5 4 1
VERTEX: 0.000000000000000 0.000000000000000 0.000000000000000 0.000000000000000 1 0 0 4
GAMMA: 20720.646484375000000 -0.000231243728194
GAMMA: 711.805603027343750 -0.000088259643235
t: 0.000094902313748
SOURCE: BEAM1: 0.001935394626323 -0.001822008415020 3989.942715770042014 3989.942826092613359
SOURCE: BEAM2: -0.007730059471374 -0.006008966816804 -284934.304540382814594 284934.371376227354631
TRACK:  8 -0.287207068989871 0.209646628052183 1.976052685940391 5 0 0 211
TRACK:  9 0.290104401412396 -0.205731140436271 1.530285776881581 5 1 0 -211
TRACK:  8 -0.004421979592175 -0.333216767667603 2.341833740466312 5 2 0 211
TRACK:  9 0.007319312014700 0.337132255283515 1.164504722355661 5 3 0 -211
EVENT: 6 4 1
VERTEX: 0.000000000000000 0.000000000000000 0.000000000000000 0.000000000000000 1 0 0 4
GAMMA: 60057.453125000000000 -579.133056640625000
GAMMA: 119986.914062500000000 1157.029174804687500
t: 0.002428295583421
SOURCE: BEAM1: -0.000001513104993 -0.000042797116194 3997.010736035648279 3997.010846162250346
SOURCE: BEAM2: 0.027451450611687 -0.040881480694172 -284913.265742862131447 284913.332583646173589
TRACK:  8 -0.036759241878802 -0.316545280372759 9.268262850763580 6 0 0 211
TRACK:  9 0.023034273125454 0.337007419277942 21.558179064974304 6 1 0 -211
TRACK:  9 -0.260703997086106 0.218604753040173 10.016480126338564 6 2 0 -211
TRACK:  8 0.246979028332758 -0.198142614134989 20.809961789399317 6 3 0 211
EVENT: 7 4 1
VERTEX: 0.000000000000000 0.000000000000000 0.000000000000000 0.000000000000000 1 0 0 4
GAMMA: 3661.472167968750000 -0.299105614423752
GAMMA: 4169.548828125000000 0.340608417987823
t: 0.000001554087075
SOURCE: BEAM1: -0.001037079497707 0.000393376250530 3995.958875746557169 3995.958985902302175
SOURCE: BEAM2: -0.000199450309456 -0.000551746421526 -284933.839076317497529 284933.905912271118723
TRACK:  8 0.221477300967200 0.227375270382180 0.522956751037979 7 0 0 211
TRACK:  9 -0.220859036063618 -0.227296085296682 0.092948352808997 7 1 0 -211
TRACK:  8 -0.028533446826994 0.309140096122019 0.538351833369944 7 2 0 211
TRACK:  9 0.029151711730576 -0.309060911036522 0.077553270477032 7 3 0 -211
EVENT: 8 4 1
VERTEX: 0.000000000000000 0.000000000000000 0.000000000000000 0.000000000000000 1 0 0 4
GAMMA: 7699.847167968750000 3.906554222106934
GAMMA: 4554.829101562500000 -2.344776630401611
t: 0.056727317691534
SOURCE: BEAM1: 0.213713240577577 0.107369252776785 3993.305368149377500 3993.305485540340214
SOURCE: BEAM2: -0.001374986896905 0.000518576543191 -284934.229284763685428 284934.296120625687763
TRACK:  8 -0.212863197270685 -0.323918509693956 -0.375724655092903 8 0 0 211
TRACK:  9 0.106694070430349 0.269974595033968 -0.037205350063608 8 1 0 -211
TRACK:  9 -0.199173032969790 -0.335664073144458 -0.095311209841531 8 2 0 -211
TRACK:  8 0.093003906129453 0.281720158484470 -0.317618795314980 8 3 0 211
EVENT: 9 4 1
VERTEX: 0.000000000000000 0.000000000000000 0.000000000000000 0.000000000000000 1 0 0 4
GAMMA: 41571.308593750000000 -277.066772460937500
GAMMA: 82940.453125000000000 552.779663085937500
t: 0.006384750757227
SOURCE: BEAM1: 0.000118117089015 -0.000011422949607 3996.998196627931065 3996.998306754880559
SOURCE: BEAM2: -0.072571533057676 0.033704942678174 -284919.787952732818667 284919.854791993682738
TRACK:  9 0.021771679258163 -0.321137866494502 15.725992960417230 9 0 0 -211
TRACK:  8 0.014455028726167 0.304291106630218 5.595895580353553 9 1 0 211
TRACK:  9 -0.190876041332335 0.213867131101297 5.014191869375662 9 2 0 -211
TRACK:  8 0.227102749316665 -0.230713890965581 16.307696671395121 9 3 0 211
EVENT: 10 4 1
VERTEX: 0.000000000000000 0.000000000000000 0.000000000000000 0.000000000000000 1 0 0 4
GAMMA: 2378.904785156250000 -0.001151354401372
GAMMA: 6200.234375000000000 -0.000168329512235
t: 0.001243957606009
SOURCE: BEAM1: 0.031935210703217 -0.013969550620393 3996.224054949976562 3996.224165250277565
SOURCE: BEAM2: -0.000093035587706 -0.001197304357540 -284933.660385939176194 284933.727221934648696
TRACK:  9 -0.175002103271170 0.279097570287001 -0.136526559010063 10 0 0 -211
TRACK:  8 0.159081015713414 -0.271514142798034 0.180059542054323 10 1 0 211
TRACK:  8 0.293171298193414 -0.163964655549987 0.121403846769581 10 2 0 211
TRACK:  9 -0.309092385751169 0.171548083038954 -0.077870863725322 10 3 0 -211
